Doxygen version used: 1.9.8
Notice: Output directory 'docs' does not exist. I have created it for you.
Searching for include files...
Searching for example files...
Searching for images...
Searching for dot files...
Searching for msc files...
Searching for dia files...
Searching for files to exclude
Searching INPUT for files to process...
Searching for files in directory /app/
Searching for files in directory /app/base
Searching for files in directory /app/base/scorers
Searching for files in directory /app/base/materials
Searching for files in directory /app/base/environments
Searching for files in directory /app/base/distributions
Searching for files in directory /app/kernel_functions
Searching for files in directory /app/treatment_machines
Searching for files in directory /app/docs
Reading and parsing tag files
Parsing files
Preprocessing /app/base/distributions/mqi_const_1d.hpp...
Parsing file /app/base/distributions/mqi_const_1d.hpp...
Preprocessing /app/base/distributions/mqi_norm_1d.hpp...
Parsing file /app/base/distributions/mqi_norm_1d.hpp...
Preprocessing /app/base/distributions/mqi_pdfMd.hpp...
Parsing file /app/base/distributions/mqi_pdfMd.hpp...
Preprocessing /app/base/distributions/mqi_phsp6d.hpp...
Parsing file /app/base/distributions/mqi_phsp6d.hpp...
Preprocessing /app/base/distributions/mqi_phsp6d_fanbeam.hpp...
Parsing file /app/base/distributions/mqi_phsp6d_fanbeam.hpp...
Preprocessing /app/base/distributions/mqi_phsp6d_ray.hpp...
Parsing file /app/base/distributions/mqi_phsp6d_ray.hpp...
Preprocessing /app/base/distributions/mqi_phsp6d_uniform.hpp...
Parsing file /app/base/distributions/mqi_phsp6d_uniform.hpp...
Preprocessing /app/base/distributions/mqi_uni_1d.hpp...
Parsing file /app/base/distributions/mqi_uni_1d.hpp...
Preprocessing /app/base/environments/mqi_phantom_env.hpp...
Parsing file /app/base/environments/mqi_phantom_env.hpp...
Preprocessing /app/base/environments/mqi_tps_env.hpp...
Parsing file /app/base/environments/mqi_tps_env.hpp...
Preprocessing /app/base/environments/mqi_xenvironment.hpp...
Parsing file /app/base/environments/mqi_xenvironment.hpp...
Preprocessing /app/base/materials/material_table_data.hpp...
Parsing file /app/base/materials/material_table_data.hpp...
Preprocessing /app/base/materials/mqi_material.hpp...
Parsing file /app/base/materials/mqi_material.hpp...
Preprocessing /app/base/materials/mqi_material_ct.hpp...
Parsing file /app/base/materials/mqi_material_ct.hpp...
Preprocessing /app/base/materials/mqi_patient_materials.hpp...
Parsing file /app/base/materials/mqi_patient_materials.hpp...
Preprocessing /app/base/mqi_aperture.hpp...
Parsing file /app/base/mqi_aperture.hpp...
Preprocessing /app/base/mqi_aperture3d.hpp...
Parsing file /app/base/mqi_aperture3d.hpp...
Preprocessing /app/base/mqi_beam_module.hpp...
Parsing file /app/base/mqi_beam_module.hpp...
Preprocessing /app/base/mqi_beam_module_ion.hpp...
Parsing file /app/base/mqi_beam_module_ion.hpp...
Preprocessing /app/base/mqi_beam_module_rt.hpp...
Parsing file /app/base/mqi_beam_module_rt.hpp...
Preprocessing /app/base/mqi_beamlet.hpp...
Parsing file /app/base/mqi_beamlet.hpp...
Preprocessing /app/base/mqi_beamline.hpp...
Parsing file /app/base/mqi_beamline.hpp...
Preprocessing /app/base/mqi_beamsource.hpp...
Parsing file /app/base/mqi_beamsource.hpp...
Preprocessing /app/base/mqi_cli.hpp...
Parsing file /app/base/mqi_cli.hpp...
Preprocessing /app/base/mqi_common.hpp...
Parsing file /app/base/mqi_common.hpp...
Preprocessing /app/base/mqi_coordinate_transform.hpp...
Parsing file /app/base/mqi_coordinate_transform.hpp...
Preprocessing /app/base/mqi_ct.hpp...
Parsing file /app/base/mqi_ct.hpp...
Preprocessing /app/base/mqi_dataset.hpp...
Parsing file /app/base/mqi_dataset.hpp...
Preprocessing /app/base/mqi_distributions.hpp...
Parsing file /app/base/mqi_distributions.hpp...
Preprocessing /app/base/mqi_error_check.hpp...
Parsing file /app/base/mqi_error_check.hpp...
Preprocessing /app/base/mqi_file_handler.hpp...
Parsing file /app/base/mqi_file_handler.hpp...
Preprocessing /app/base/mqi_fippel_physics.hpp...
Parsing file /app/base/mqi_fippel_physics.hpp...
Preprocessing /app/base/mqi_geometry.hpp...
Parsing file /app/base/mqi_geometry.hpp...
Preprocessing /app/base/mqi_grid3d.hpp...
Parsing file /app/base/mqi_grid3d.hpp...
Preprocessing /app/base/mqi_hash_table.hpp...
Parsing file /app/base/mqi_hash_table.hpp...
Preprocessing /app/base/mqi_interaction.hpp...
Parsing file /app/base/mqi_interaction.hpp...
Preprocessing /app/base/mqi_io.hpp...
Parsing file /app/base/mqi_io.hpp...
Preprocessing /app/base/mqi_material.hpp...
Parsing file /app/base/mqi_material.hpp...
Preprocessing /app/base/mqi_math.hpp...
Parsing file /app/base/mqi_math.hpp...
Preprocessing /app/base/mqi_matrix.hpp...
Parsing file /app/base/mqi_matrix.hpp...
Preprocessing /app/base/mqi_node.hpp...
Parsing file /app/base/mqi_node.hpp...
Preprocessing /app/base/mqi_p_ionization.hpp...
Parsing file /app/base/mqi_p_ionization.hpp...
Preprocessing /app/base/mqi_physics_constants.hpp...
Parsing file /app/base/mqi_physics_constants.hpp...
Preprocessing /app/base/mqi_physics_list.hpp...
Parsing file /app/base/mqi_physics_list.hpp...
Preprocessing /app/base/mqi_po_elastic.hpp...
Parsing file /app/base/mqi_po_elastic.hpp...
Preprocessing /app/base/mqi_po_inelastic.hpp...
Parsing file /app/base/mqi_po_inelastic.hpp...
Preprocessing /app/base/mqi_pp_elastic.hpp...
Parsing file /app/base/mqi_pp_elastic.hpp...
Preprocessing /app/base/mqi_rangeshifter.hpp...
Parsing file /app/base/mqi_rangeshifter.hpp...
Preprocessing /app/base/mqi_rect3d.hpp...
Parsing file /app/base/mqi_rect3d.hpp...
Preprocessing /app/base/mqi_relativistic_quantities.hpp...
Parsing file /app/base/mqi_relativistic_quantities.hpp...
Preprocessing /app/base/mqi_roi.hpp...
Parsing file /app/base/mqi_roi.hpp...
Preprocessing /app/base/mqi_scorer.hpp...
Parsing file /app/base/mqi_scorer.hpp...
Preprocessing /app/base/mqi_sparse_io.hpp...
Parsing file /app/base/mqi_sparse_io.hpp...
Preprocessing /app/base/mqi_threads.hpp...
Parsing file /app/base/mqi_threads.hpp...
Preprocessing /app/base/mqi_track.hpp...
Parsing file /app/base/mqi_track.hpp...
Preprocessing /app/base/mqi_track_stack.hpp...
Parsing file /app/base/mqi_track_stack.hpp...
Preprocessing /app/base/mqi_treatment_machine.hpp...
Parsing file /app/base/mqi_treatment_machine.hpp...
Preprocessing /app/base/mqi_treatment_machine_ion.hpp...
Parsing file /app/base/mqi_treatment_machine_ion.hpp...
Preprocessing /app/base/mqi_treatment_machine_pbs.hpp...
Parsing file /app/base/mqi_treatment_machine_pbs.hpp...
Preprocessing /app/base/mqi_treatment_session.hpp...
Parsing file /app/base/mqi_treatment_session.hpp...
Preprocessing /app/base/mqi_utils.hpp...
Parsing file /app/base/mqi_utils.hpp...
Preprocessing /app/base/mqi_vec.hpp...
Parsing file /app/base/mqi_vec.hpp...
Preprocessing /app/base/mqi_vertex.hpp...
Parsing file /app/base/mqi_vertex.hpp...
Preprocessing /app/base/scorers/mqi_scorer_energy_deposit.hpp...
Parsing file /app/base/scorers/mqi_scorer_energy_deposit.hpp...
Reading /app/code_structure.md...
Preprocessing /app/kernel_functions/mqi_download_data.hpp...
Parsing file /app/kernel_functions/mqi_download_data.hpp...
Preprocessing /app/kernel_functions/mqi_kernel_functions.hpp...
Parsing file /app/kernel_functions/mqi_kernel_functions.hpp...
Preprocessing /app/kernel_functions/mqi_print_data.hpp...
Parsing file /app/kernel_functions/mqi_print_data.hpp...
Preprocessing /app/kernel_functions/mqi_transport.hpp...
Parsing file /app/kernel_functions/mqi_transport.hpp...
Preprocessing /app/kernel_functions/mqi_upload_data.hpp...
Parsing file /app/kernel_functions/mqi_upload_data.hpp...
Preprocessing /app/kernel_functions/mqi_variables.hpp...
Parsing file /app/kernel_functions/mqi_variables.hpp...
Reading /app/progress.md...
Reading /app/README.md...
Preprocessing /app/tps_env.cpp...
Parsing file /app/tps_env.cpp...
Preprocessing /app/treatment_machines/mqi_treatment_machine_smc_gtr1.hpp...
Parsing file /app/treatment_machines/mqi_treatment_machine_smc_gtr1.hpp...
Preprocessing /app/treatment_machines/mqi_treatment_machine_smc_gtr2.hpp...
Parsing file /app/treatment_machines/mqi_treatment_machine_smc_gtr2.hpp...
Reading /app/treatment_machines/README.md...
Preprocessing /app/treatment_machines/spline_interp.hpp...
Parsing file /app/treatment_machines/spline_interp.hpp...
Building macro definition list...
Building group list...
Building directory list...
Building namespace list...
Building file list...
Building class list...
Building concept list...
Computing nesting relations for classes...
Associating documentation with classes...
Associating documentation with concepts...
Associating documentation with modules...
Building example list...
Searching for enumerations...
Searching for documented typedefs...
Searching for members imported via using declarations...
Searching for included using directives...
Searching for documented variables...
Building interface member list...
Building member list...
Searching for friends...
Searching for documented defines...
Computing class inheritance relations...
Computing class usage relations...
Flushing cached template relations that have become invalid...
Computing class relations...
Add enum values to enums...
Searching for member function documentation...
Creating members for template instances...
Building page list...
Search for main page...
Computing page relations...
Determining the scope of groups...
Computing module relations...
Sorting lists...
Determining which enums are documented
Computing member relations...
Building full member lists recursively...
Adding members to member groups.
Computing member references...
Inheriting documentation...
Generating disk names...
Adding source references...
Adding xrefitems...
Sorting member lists...
Setting anonymous enum type...
Computing dependencies between directories...
Generating citations page...
Counting members...
Counting data structures...
Resolving user defined references...
Finding anchors and sections in the documentation...
Transferring function references...
Combining using relations...
Adding members to index pages...
Correcting members for VHDL...
Computing tooltip texts...
Generating style sheet...
Generating search indices...
Generating example documentation...
Generating file sources...
Generating code for file base/distributions/mqi_const_1d.hpp...
Generating code for file base/distributions/mqi_norm_1d.hpp...
Generating code for file base/distributions/mqi_pdfMd.hpp...
Generating code for file base/distributions/mqi_phsp6d.hpp...
Generating code for file base/distributions/mqi_phsp6d_fanbeam.hpp...
Generating code for file base/distributions/mqi_phsp6d_ray.hpp...
Generating code for file base/distributions/mqi_phsp6d_uniform.hpp...
Generating code for file base/distributions/mqi_uni_1d.hpp...
Generating code for file base/environments/mqi_phantom_env.hpp...
Generating code for file base/environments/mqi_tps_env.hpp...
Generating code for file base/environments/mqi_xenvironment.hpp...
Generating code for file base/materials/material_table_data.hpp...
Generating code for file base/materials/mqi_material_ct.hpp...
Generating code for file base/materials/mqi_patient_materials.hpp...
Generating code for file base/mqi_aperture.hpp...
Generating code for file base/mqi_aperture3d.hpp...
Generating code for file base/mqi_beam_module.hpp...
Generating code for file base/mqi_beam_module_ion.hpp...
Generating code for file base/mqi_beam_module_rt.hpp...
Generating code for file base/mqi_beamlet.hpp...
Generating code for file base/mqi_beamline.hpp...
Generating code for file base/mqi_beamsource.hpp...
Generating code for file base/mqi_cli.hpp...
Generating code for file base/mqi_common.hpp...
Generating code for file base/mqi_coordinate_transform.hpp...
Generating code for file base/mqi_ct.hpp...
Generating code for file base/mqi_dataset.hpp...
Generating code for file base/mqi_distributions.hpp...
Generating code for file base/mqi_error_check.hpp...
Generating code for file base/mqi_file_handler.hpp...
Generating code for file base/mqi_fippel_physics.hpp...
Generating code for file base/mqi_geometry.hpp...
Generating code for file base/mqi_grid3d.hpp...
Generating code for file base/mqi_hash_table.hpp...
Generating code for file base/mqi_interaction.hpp...
Generating code for file base/mqi_io.hpp...
Generating code for file base/materials/mqi_material.hpp...
Generating code for file base/mqi_material.hpp...
Generating code for file base/mqi_math.hpp...
Generating code for file base/mqi_matrix.hpp...
Generating code for file base/mqi_node.hpp...
Generating code for file base/mqi_p_ionization.hpp...
Generating code for file base/mqi_physics_constants.hpp...
Generating code for file base/mqi_physics_list.hpp...
Generating code for file base/mqi_po_elastic.hpp...
Generating code for file base/mqi_po_inelastic.hpp...
Generating code for file base/mqi_pp_elastic.hpp...
Generating code for file base/mqi_rangeshifter.hpp...
Generating code for file base/mqi_rect3d.hpp...
Generating code for file base/mqi_relativistic_quantities.hpp...
Generating code for file base/mqi_roi.hpp...
Generating code for file base/mqi_scorer.hpp...
Generating code for file base/mqi_sparse_io.hpp...
Generating code for file base/mqi_threads.hpp...
Generating code for file base/mqi_track.hpp...
Generating code for file base/mqi_track_stack.hpp...
Generating code for file base/mqi_treatment_machine.hpp...
Generating code for file base/mqi_treatment_machine_ion.hpp...
Generating code for file base/mqi_treatment_machine_pbs.hpp...
Generating code for file base/mqi_treatment_session.hpp...
Generating code for file base/mqi_utils.hpp...
Generating code for file base/mqi_vec.hpp...
Generating code for file base/mqi_vertex.hpp...
Generating code for file base/scorers/mqi_scorer_energy_deposit.hpp...
Parsing code for file code_structure.md...
Generating code for file kernel_functions/mqi_download_data.hpp...
Generating code for file kernel_functions/mqi_kernel_functions.hpp...
Generating code for file kernel_functions/mqi_print_data.hpp...
Generating code for file kernel_functions/mqi_transport.hpp...
Generating code for file kernel_functions/mqi_upload_data.hpp...
Generating code for file kernel_functions/mqi_variables.hpp...
Parsing code for file progress.md...
Parsing code for file tps_env.cpp...
Generating code for file treatment_machines/mqi_treatment_machine_smc_gtr1.hpp...
Generating code for file treatment_machines/mqi_treatment_machine_smc_gtr2.hpp...
Parsing code for file README.md...
Parsing code for file treatment_machines/README.md...
Generating code for file treatment_machines/spline_interp.hpp...
Generating file documentation...
Generating docs for file base/distributions/mqi_const_1d.hpp...
Generating docs for file base/distributions/mqi_norm_1d.hpp...
Generating docs for file base/distributions/mqi_pdfMd.hpp...
Generating docs for file base/distributions/mqi_phsp6d.hpp...
Generating docs for file base/distributions/mqi_phsp6d_fanbeam.hpp...
Generating docs for file base/distributions/mqi_phsp6d_ray.hpp...
Generating docs for file base/distributions/mqi_phsp6d_uniform.hpp...
Generating docs for file base/distributions/mqi_uni_1d.hpp...
Generating docs for file base/environments/mqi_phantom_env.hpp...
Generating docs for file base/environments/mqi_tps_env.hpp...
Generating docs for file base/environments/mqi_xenvironment.hpp...
Generating docs for file base/materials/material_table_data.hpp...
Generating docs for file base/materials/mqi_material_ct.hpp...
Generating docs for file base/materials/mqi_patient_materials.hpp...
Generating docs for file base/mqi_aperture.hpp...
Generating docs for file base/mqi_aperture3d.hpp...
Generating docs for file base/mqi_beam_module.hpp...
Generating docs for file base/mqi_beam_module_ion.hpp...
Generating docs for file base/mqi_beam_module_rt.hpp...
Generating docs for file base/mqi_beamlet.hpp...
Generating docs for file base/mqi_beamline.hpp...
Generating docs for file base/mqi_beamsource.hpp...
Generating docs for file base/mqi_cli.hpp...
Generating docs for file base/mqi_common.hpp...
Generating docs for file base/mqi_coordinate_transform.hpp...
Generating docs for file base/mqi_ct.hpp...
Generating docs for file base/mqi_dataset.hpp...
Generating docs for file base/mqi_distributions.hpp...
Generating docs for file base/mqi_error_check.hpp...
Generating docs for file base/mqi_file_handler.hpp...
Generating docs for file base/mqi_fippel_physics.hpp...
Generating docs for file base/mqi_geometry.hpp...
Generating docs for file base/mqi_grid3d.hpp...
Generating docs for file base/mqi_hash_table.hpp...
Generating docs for file base/mqi_interaction.hpp...
Generating docs for file base/mqi_io.hpp...
Generating docs for file base/materials/mqi_material.hpp...
Generating docs for file base/mqi_material.hpp...
Generating docs for file base/mqi_math.hpp...
Generating docs for file base/mqi_matrix.hpp...
Generating docs for file base/mqi_node.hpp...
Generating docs for file base/mqi_p_ionization.hpp...
Generating docs for file base/mqi_physics_constants.hpp...
Generating docs for file base/mqi_physics_list.hpp...
Generating docs for file base/mqi_po_elastic.hpp...
Generating docs for file base/mqi_po_inelastic.hpp...
Generating docs for file base/mqi_pp_elastic.hpp...
Generating docs for file base/mqi_rangeshifter.hpp...
Generating docs for file base/mqi_rect3d.hpp...
Generating docs for file base/mqi_relativistic_quantities.hpp...
Generating docs for file base/mqi_roi.hpp...
Generating docs for file base/mqi_scorer.hpp...
Generating docs for file base/mqi_sparse_io.hpp...
Generating docs for file base/mqi_threads.hpp...
Generating docs for file base/mqi_track.hpp...
Generating docs for file base/mqi_track_stack.hpp...
Generating docs for file base/mqi_treatment_machine.hpp...
Generating docs for file base/mqi_treatment_machine_ion.hpp...
Generating docs for file base/mqi_treatment_machine_pbs.hpp...
Generating docs for file base/mqi_treatment_session.hpp...
Generating docs for file base/mqi_utils.hpp...
Generating docs for file base/mqi_vec.hpp...
Generating docs for file base/mqi_vertex.hpp...
Generating docs for file base/scorers/mqi_scorer_energy_deposit.hpp...
Generating docs for file code_structure.md...
Generating docs for file kernel_functions/mqi_download_data.hpp...
Generating docs for file kernel_functions/mqi_kernel_functions.hpp...
Generating docs for file kernel_functions/mqi_print_data.hpp...
Generating docs for file kernel_functions/mqi_transport.hpp...
Generating docs for file kernel_functions/mqi_upload_data.hpp...
Generating docs for file kernel_functions/mqi_variables.hpp...
Generating docs for file progress.md...
Generating docs for file tps_env.cpp...
Generating docs for file treatment_machines/mqi_treatment_machine_smc_gtr1.hpp...
Generating docs for file treatment_machines/mqi_treatment_machine_smc_gtr2.hpp...
Generating docs for file README.md...
Generating docs for file treatment_machines/README.md...
Generating docs for file treatment_machines/spline_interp.hpp...
Generating page documentation...
Generating docs for page md_code__structure...
Generating docs for page md_progress...
Generating docs for page md_README...
Generating docs for page md_treatment__machines_2README...
Generating docs for page todo...
Generating group documentation...
Generating class documentation...
Generating concept documentation...
Generating module documentation...
Generating namespace documentation...
Generating docs for namespace io
Generating docs for namespace mc
Generating caller graph for function mc::CAS
Generating caller graph for function mc::hash_fun
Generating call graph for function mc::insert_hashtable
Generating call graph for function mc::transport_particles_patient
Generating call graph for function mc::transport_particles_patient_seed
Generating docs for namespace mqi
Generating call graph for function mqi::assert_track
Generating caller graph for function mqi::check_cuda_last_error
Generating call graph for function mqi::dose_to_water
Generating caller graph for function mqi::dose_to_water
Generating caller graph for function mqi::getStoppingPowerRatio
Generating caller graph for function mqi::init_table
Generating caller graph for function mqi::initialize_threads
Generating caller graph for function mqi::intpl1d
Generating call graph for function mqi::LETd_weight1
Generating call graph for/app/base/mqi_math.hpp:220: warning: Unsupported xml/html tag <random> found
 function mqi::LETd_weight2
Generating call graph for function mqi::LETt_weight1
Generating call graph for function mqi::LETt_weight2
Generating caller graph for function mqi::mqi_abs
Generating caller graph for function mqi::mqi_ceil
Generating caller graph for function mqi::mqi_cos
Generating caller graph for function mqi::mqi_exp
Generating caller graph for function mqi::mqi_isnan
Generating caller graph for function mqi::mqi_ln
Generating caller graph for function mqi::mqi_normal
Generating caller graph for function mqi::mqi_pow
Generating caller graph for function mqi::mqi_sqrt
Generating caller graph for function mqi::start_and_length
Generating call graph for function mqi::trim_copy
Generating caller graph for function mqi::trim_copy
Generating caller graph for function mqi::trim_left_copy
Generating caller graph for function mqi::trim_right_copy
Generating docs for compound mqi::air_t...
Generating docs for compound mqi::aperture...
Generating docs for compound mqi::aperture3d...
Generating call graph for function mqi::aperture3d::intersect
Generating call graph for function mqi::aperture3d::is_inside
Generating caller graph for function mqi::aperture3d::is_inside
Generating caller graph for function mqi::aperture3d::sol1_1
Generating docs for compound mqi::beam_id_type...
Generating docs for compound mqi::beam_module...
Generating docs for compound mqi::beam_module_ion...
Generating docs for nested compound mqi::beam_module_ion::logspot...
Generating docs for nested compound mqi::beam_module_ion::spot...
Generating docs for compound mqi::beam_module_rt...
Generating docs for compound mqi::beamlet...
Generating docs for compound mqi::beamline...
Generating caller graph for function mqi::beamline::append_geometry
Generating caller graph for function mqi::beamline::get_geometries
Generating docs for compound mqi::beamsource...
Generating call graph for function mqi::beamsource::append_beamlet
Generating caller graph for function mqi::beamsource::append_beamlet
Generating call graph for function mqi::beamsource::append_beamlet
Generating call graph for function mqi::beamsource::append_beamlet_log
Generating caller graph for function mqi::beamsource::append_beamlet_log
Generating call graph for function mqi::beamsource::cumulative_history_at_time
Generating caller graph for function mqi::beamsource::total_beamlets
Generating caller graph for function mqi::beamsource::total_delivery_time
Generating call graph for function mqi::beamsource::total_histories
Generating caller graph for function mqi::beamsource::total_histories
Generating docs for compound mqi::brass_t...
Generating docs for compound mqi::cli...
Generating docs for compound mqi::const_1d...
Generating docs for compound mqi::coordinate_transform...
Generating docs for compound mqi::ct...
Generating docs for compound mqi::dataset...
Generating caller graph for function mqi::dataset::dump
Generating call graph for function mqi::dataset::get_values
Generating caller graph for function mqi::dataset::get_values
Generating call graph for function mqi::dataset::get_values
Generating docs for compound mqi::dicom_t...
Generating docs for compound mqi::dL_t...
Generating docs for compound mqi::file_parser...
Generating call graph for function mqi::file_parser::file_parser
Generating call graph for function mqi::file_parser::get_bool
Generating call graph for function mqi::file_parser::get_float
Generating call graph for function mqi::file_parser::get_float_vector
Generating call graph for function mqi::file_parser::get_int
Generating caller graph for function mqi::file_parser::get_int
Generating call graph for function mqi::file_parser::get_int_vector
Generating call graph for function mqi::file_parser::get_string
Generating caller graph for function mqi::file_parser::get_string
Generating call graph for function mqi::file_parser::get_string_vector
Generating caller graph for function mqi::file_parser::get_string_vector
Generating call graph for function mqi::file_parser::read_input_parameters
Generating caller graph for function mqi::file_parser::read_input_parameteerror: md5 hash does not match for two different runs of /app/docs/html/classmqi_1_1material__t_a7c3595f2fd822f213dee88a41af28e2b_cgraph.dot !
error: md5 hash does not match for two different runs of /app/docs/latex/classmqi_1_1material__t_a7c3595f2fd822f213dee88a41af28e2b_cgraph.dot !
rs
Generating docs for compound mqi::fippel_physics...
Generating call graph for function mqi::fippel_physics::stepping
Generating docs for compound mqi::geometry...
Generating caller graph for function mqi::geometry::dump
Generating docs for compound mqi::grid3d...
Generating call graph for function mqi::grid3d::grid3d
Generating call graph for function mqi::grid3d::grid3d
Generating call graph for function mqi::grid3d::grid3d
Generating call graph for function mqi::grid3d::grid3d
Generating call graph for function mqi::grid3d::grid3d
Generating call graph for function mqi::grid3d::grid3d
Generating call graph for function mqi::grid3d::calculate_bounding_box
Generating caller graph for function mqi::grid3d::calculate_bounding_box
Generating caller graph for function mqi::grid3d::cnb2ijk
Generating caller graph for function mqi::grid3d::delete_data_if_used
Generating call graph for function mqi::grid3d::get_volume
Generating caller graph for function mqi::grid3d::ijk2cnb
Generating caller graph for function mqi::grid3d::index
Generating call graph for function mqi::grid3d::index
Generating call graph for function mqi::grid3d::intersect
Generating call graph for function mqi::grid3d::operator[]
Generating call graph for function mqi::grid3d::set_data
Generating call graph for function mqi::grid3d::set_edges
Generating docs for compound mqi::gtr1...
Generating call graph for function mqi::gtr1::characterize_aperture
Generating caller graph for function mqi::gtr1::characterize_beamlet
Generating caller graph for function mqi::gtr1::characterize_history
Generating call graph for function mqi::gtr1::create_beamsource
Generating docs for compound mqi::gtr1_material_t...
Generating docs for compound mqi::gtr2...
Generating call graph for function mqi::gtr2::characterize_aperture
Generating caller graph for function mqi::gtr2::characterize_beamlet
Generating caller graph for function mqi::gtr2::characterize_history
Generating call graph for function mqi::gtr2::create_beamsource
Generating docs for compound mqi::gtr2_material_t...
Generating docs for compound mqi::h2o_t...
Generating docs for compound mqi::interaction...
Generating caller graph for function mqi::interaction::cross_section
Generating call graph for function mqi::interaction::sample_step_length
Generating call graph for function mqi::interaction::sample_step_length
Generating docs for compound mqi::intersect_t...
Generating docs for compound mqi::key_value...
Generating docs for compound mqi::logfile_t...
Generating docs for compound mqi::logfiles_t...
Generating docs for compound mqi::mask_reader...
Generating caller graph for function mqi::mask_reader::ijk2cnb
Generating call graph for function mqi::mask_reader::mask_to_roi
Generating call graph for function mqi::mask_reader::read_mask_files
Generating call graph for function mqi::mask_reader::read_mha_file
Generating caller graph for function mqi::mask_reader::read_mha_file
Generating docs for compound mqi::mat3x3...
Generating call graph for function mqi::mat3x3::mat3x3
Generating call graph for function mqi::mat3x3::mat3x3
Generating call graph for function mqi::mat3x3::mat3x3
Generating caller graph for function mqi::mat3x3::inverse
Generating call graph for function mqi::mat3x3::rotate
Generating caller graph for function mqi::mat3x3::rotate_x
Generating caller graph for function mqi::mat3x3::rotate_y
Generating caller graph for function mqi::mat3x3::rotate_z
Generating docs for compound mqi::mat4x4...
Generating docs for compound mqi::material_t...
Generating caller graph for function mqi::material_t::radiation_length
Generating call graph for function mqi::material_t::stopping_power_ratio
Generating caller graph for function mqi::material_t::stopping_power_ratio
Generating call graph for function mqi::material_t::stopping_power_ratio
Generating docs for compound mqi::node_t...
Generating docs for compound mqi::norm_1d...
Generating docs for compound mqi::p_ionization_tabulated...
Generating call graph for function mqi::p_ionization_tabulated::along_step
Generating caller graph for function mqi::p_ionizatio/app/base/distributions/mqi_phsp6d_fanbeam.hpp:46: warning: The following parameters of mqi::phsp_6d_fanbeam::phsp_6d_fanbeam(std::array< T, 6 > &m, std::array< T, 6 > &s, std::array< T, 2 > &r, std::array< T, 2 > &o) are not documented:
  parameter 'r'
  parameter 'o'
n_tabulated::dEdx
Generating call graph for function mqi::p_ionization_tabulated::energy_loss
Generating caller graph for function mqi::p_ionization_tabulated::energy_loss
Generating call graph for function mqi::p_ionization_tabulated::last_step
Generating call graph for function mqi::p_ionization_tabulated::post_step
Generating caller graph for function mqi::p_ionization_tabulated::sample_delta_energy
Generating docs for compound mqi::patient_material_t...
Generating call graph for function mqi::patient_material_t::patient_material_t
Generating caller graph for function mqi::patient_material_t::hu_to_density
Generating docs for compound mqi::pbs...
Generating call graph for function mqi::pbs::pbs
Generating call graph for function mqi::pbs::characterize_aperture
Generating call graph for function mqi::pbs::characterize_beamlet
Generating call graph for function mqi::pbs::characterize_beamlet
Generating call graph for function mqi::pbs::characterize_rangeshifter
Generating caller graph for function mqi::pbs::load_beamdata
Generating docs for nested compound mqi::pbs::geometry_specification...
Generating docs for nested compound mqi::pbs::spot_specification...
Generating docs for nested compound mqi::pbs::time_specification...
Generating docs for compound mqi::pbs_material_t...
Generating docs for compound mqi::pdf_Md...
Generating docs for compound mqi::phantom_env...
Generating call graph for function mqi::phantom_env::print_reshaped_results
Generating call graph for function mqi::phantom_env::run
Generating call graph for function mqi::phantom_env::setup_beamsource
Generating call graph for function mqi::phantom_env::setup_world
Generating docs for compound mqi::phsp_6d...
Generating docs for compound mqi::phsp_6d_fanbeam...
Generating docs for compound mqi::phsp_6d_ray...
Generating docs for compound mqi::phsp_6d_uniform...
Generating docs for compound mqi::physics_constants...
Generating docs for compound mqi::physics_list...
Generating docs for compound mqi::po_elastic...
Generating call graph for function mqi::po_elastic::post_step
Generating docs for compound mqi::po_elastic_tabulated...
Generating docs for compound mqi::po_inelastic...
Generating docs for compound mqi::po_inelastic_tabulated...
Generating docs for compound mqi::pp_elastic...
Generating call graph for function mqi::pp_elastic::cross_section
Generating docs for compound mqi::pp_elastic_tabulated...
Generating call graph for function mqi::pp_elastic_tabulated::post_step
Generating docs for compound mqi::rangeshifter...
Generating docs for compound mqi::rect3d...
Generating call graph for function mqi::rect3d::cell_data
Generating caller graph for function mqi::rect3d::cell_data
Generating caller graph for function mqi::rect3d::cell_position
Generating call graph for function mqi::rect3d::find_c000_index
Generating caller graph for function mqi::rect3d::find_c000_index
Generating caller graph for function mqi::rect3d::find_c000_x_index
Generating caller graph for function mqi::rect3d::find_c000_y_index
Generating caller graph for function mqi::rect3d::find_c000_z_index
Generating call graph for function mqi::rect3d::flip_data
Generating caller graph for function mqi::rect3d::ijk2data
Generating call graph for function mqi::rect3d::operator()
Generating call graph for function mqi::rect3d::operator()
Generating call graph for function mqi::rect3d::operator()
Generating caller graph for function mqi::rect3d::operator()
Generating call graph for function mqi::rect3d::operator[]
Generating call graph for function mqi::rect3d::operator[]
Generating docs for compound mqi::relativistic_quantities...
Generating call graph for function mqi::relativistic_quantities::momentum
Generating docs for compound mqi::rnd_return...
Generating docs for compound mqi::rnd_return< double >...
Generating docs for compound mqi::rnd_return< float >...
Generating docs for compound mqi::roi_t...
Generating call graph for function mqi::roi_t::get_contour_idx
Generating caller graph for function mqi::roi_t::get_contour_idx
Generating call graph for function mqi::roi_t::get_mask_idx
Generating call graph for function mqi::roi_t::idx
Generating caller graph for function mqi::roi_t::idx
Generating call graph for function mqi::roi_t::idx_contour
Generating caller graph for function mqi::roi_t::idx_contour
Generating caller graph for function mqi::roi_t::lower_bound_cpp
Generating docs for compound mqi::scorer...
Generating call graph for function mqi::scorer::scorer
Generating call graph for function mqi::scorer::~scorer
Generating caller graph for function mqi::scorer::CAS
Generating caller graph for function mqi::scorer::delete_data_if_used
Generating caller graph for function mqi::scorer::hash_fun
Generating call graph for function mqi::scorer::insert_pair
Generating caller graph for function mqi::scorer::insert_pair
Generating call graph for function mqi::scorer::process_hit
Generating docs for compound mqi::thrd_t...
Generating docs for compound mqi::tps_env...
Generating call graph for function mqi::tps_env::tps_env
Generating call graph for function mqi::tps_env::create_rangeshifter
Generating caller graph for function mqi::tps_env::create_rangeshifter
Generating call graph for function mqi::tps_env::fill_contour
Generating call graph for function mqi::tps_env::initialize_and_run
Generating caller graph for function mqi::tps_env::read_dcm_dir
Generating caller graph for function mqi::tps_env::read_logfile_dir
Generating caller graph for function mqi::tps_env::read_vertices_spot
Generating caller graph for function mqi::tps_env::reshape_data
Generating call graph for function mqi::tps_env::run
Generating caller graph for function mqi::tps_env::run
Generating call graph for function mqi::tps_env::run_by_beam
Generating caller graph for function mqi::tps_env::run_by_beam
Generating call graph for function mqi::tps_env::run_by_spot
Generating caller graph for function mqi::tps_env::run_by_spot
Generating call graph for function mqi::tps_env::run_simulation
Generating caller graph for function mqi::tps_env::run_simulation
Generating call graph for function mqi::tps_env::save_reshaped_files
Generating caller graph for function mqi::tps_env::save_reshaped_files
Generating caller graph for function mqi::tps_env::save_sparse_file
Generating call graph for function mqi::tps_env::setup_beamsource
Generating call graph for function mqi::tps_env::setup_world
Generating caller graph for function mqi::tps_env::sol1_1
Generating docs for compound mqi::track_stack_t...
Generating docs for compound mqi::track_t...
Generating call graph for function mqi::track_t::update_post_vertex_direction
Generating docs for compound mqi::treatment_machine...
Generating docs for compound mqi::treatment_machine_ion...
Generating caller graph for function mqi::treatment_machine_ion::beam_starting_position
Generating caller graph for function mqi::treatment_machine_ion::characterize_aperture
Generating caller graph for function mqi::treatment_machine_ion::characterize_aperture_opening
Generating caller graph for function mqi::treatment_machine_ion::characterize_beamlet
Generating caller graph for function mqi::treatment_machine_ion::characterize_beamlet_time
Generating caller graph for function mqi::treatment_machine_ion::characterize_history
Generating caller graph for function mqi::treatment_machine_ion::characterize_rangeshifter
Generating call graph for function mqi::treatment_machine_ion::create_beamline
Generating call graph for function mqi::treatment_machine_ion::create_beamsource
Generating call graph for function mqi::treatment_machine_ion::create_beamsource
Generating docs for compound mqi::treatment_session...
Generating call graph for function mqi::treatment_session::treatment_session
Generating caller graph for function mqi::treatment_session::create_machine
Generating call graph for function mqi::treatment_session::get_beam_dataset
Generating caller graph for function mqi::treatment_session::get_beam_dataset
Generating call graph for function mqi::treatment_session::get_beam_name
Generating call graph for function mqi::treatment_session::get_beam_names
Generating call graph for function mqi::treatment_session::get_beamline
Generating call graph for function mqi::treatment_session::get_beamsource
Generating call graph for function mqi::treatment_session::get_coordinate
Generating call graph for function mqi::treatment_session::get_timeline
Generating call graph for function mqi::treatment_session::summary
Generating docs for compound mqi::uni_1d...
Generating docs for compound mqi::vec2...
Generating docs for compound mqi::vec3...
Generating caller graph for function mqi::vec3::normalize
Generating docs for compound mqi::vec4...
Generating docs for compound mqi::vertex_t...
Generating docs for compound mqi::x_environment...
Generating call graph for function mqi::x_environment::finalize
Generating caller graph for function mqi::x_environment::finalize
Generating call graph for function mqi::x_environment::initialize
Generating caller graph for function mqi::x_environment::initialize
Generating caller graph for function mqi::x_environment::reshape_data
Generating call graph for function mqi::x_environment::save_reshaped_files
Generating caller graph for function mqi::x_environment::setup_beamsource
Generating caller graph for function mqi::x_environment::setup_world
Generating docs for namespace mqi::io
Generating caller graph for function mqi::io::map_type
Generating caller graph for function mqi::io::parse_zip_footer
Generating caller graph for function mqi::io::push_value
Generating call graph for function mqi::io::save_npz
Generating caller graph for function mqi::io::save_npz
Generating call graph for function mqi::io::save_npz
Generating call graph for function mqi::io::save_to_npz
Generating call graph for function mqi::io::save_to_npz
Generating call graph for function mqi::io::save_to_npz2
Generating docs for namespace tk
Generating docs for namespace tk::internal
Generating graph info page...
Generating directory documentation...
Generating dependency graph for directory base/distributions
Generating dependency graph for directory base/environments
Generating dependency graph for directory base/materials
Generating dependency graph for directory base/scorers
Generating index page...
Generating page index...
Generating topic index...
Generating module index...
Generating module member index...
Generating namespace index...
Generating namespace member index...
Generating concept index...
Generating annotated compound index...
Generating alphabetical compound index...
Generating hierarchical class index...
Generating graphical class hierarchy...
Generating member index...
Generating file index...
Generating file member index...
Generating example index...
finalizing index lists...
writing tag file...
Running plantuml with JAVA...
Running dot...
Generating dot graphs using 5 parallel threads...
Running dot for graph 1/866
Running dot for graph 2/866
Running dot for graph 3/866
Running dot for graph 4/866
Running dot for graph 5/866
Running dot for graph 6/866
Running dot for graph 7/866
Running dot for graph 8/866
Running dot for graph 9/866
Running dot for graph 10/866
Running dot for graph 11/866
Running dot for graph 12/866
Running dot for graph 13/866
Running dot for graph 14/866
Running dot for graph 15/866
Running dot for graph 16/866
Running dot for graph 17/866
Running dot for graph 18/866
Running dot for graph 19/866
Running dot for graph 20/866
Running dot for graph 21/866
Running dot for graph 22/866
Running dot for graph 23/866
Running dot for graph 24/866
Running dot for graph 25/866
Running dot for graph 26/866
Running dot for graph 27/866
Running dot for graph 28/866
Running dot for graph 29/866
Running dot for graph 30/866
Running dot for graph 31/866
Running dot for graph 32/866
Running dot for graph 33/866
Running dot for graph 34/866
Running dot for graph 35/866
Running dot for graph 36/866
Running dot for graph 37/866
Running dot for graph 38/866
Running dot for graph 39/866
Running dot for graph 40/866
Running dot for graph 41/866
Running dot for graph 42/866
Running dot for graph 43/866
Running dot for graph 44/866
Running dot for graph 45/866
Running dot for graph 46/866
Running dot for graph 47/866
Running dot for graph 48/866
Running dot for graph 49/866
Running dot for graph 50/866
Running dot for graph 51/866
Running dot for graph 52/866
Running dot for graph 53/866
Running dot for graph 54/866
Running dot for graph 55/866
Running dot for graph 56/866
Running dot for graph 57/866
Running dot for graph 58/866
Running dot for graph 59/866
Running dot for graph 60/866
Running dot for graph 61/866
Running dot for graph 62/866
Running dot for graph 63/866
Running dot for graph 64/866
Running dot for graph 65/866
Running dot for graph 66/866
Running dot for graph 67/866
Running dot for graph 68/866
Running dot for graph 69/866
Running dot for graph 70/866
Running dot for graph 71/866
Running dot for graph 72/866
Running dot for graph 73/866
Running dot for graph 74/866
Running dot for graph 75/866
Running dot for graph 76/866
Running dot for graph 77/866
Running dot for graph 78/866
Running dot for graph 79/866
Running dot for graph 80/866
Running dot for graph 81/866
Running dot for graph 82/866
Running dot for graph 83/866
Running dot for graph 84/866
Running dot for graph 85/866
Running dot for graph 86/866
Running dot for graph 87/866
Running dot for graph 88/866
Running dot for graph 89/866
Running dot for graph 90/866
Running dot for graph 91/866
Running dot for graph 92/866
Running dot for graph 93/866
Running dot for graph 94/866
Running dot for graph 95/866
Running dot for graph 96/866
Running dot for graph 97/866
Running dot for graph 98/866
Running dot for graph 99/866
Running dot for graph 100/866
Running dot for graph 101/866
Running dot for graph 102/866
Running dot for graph 103/866
Running dot for graph 104/866
Running dot for graph 105/866
Running dot for graph 106/866
Running dot for graph 107/866
Running dot for graph 108/866
Running dot for graph 109/866
Running dot for graph 110/866
Running dot for graph 111/866
Running dot for graph 112/866
Running dot for graph 113/866
Running dot for graph 114/866
Running dot for graph 115/866
Running dot for graph 116/866
Running dot for graph 117/866
Running dot for graph 118/866
Running dot for graph 119/866
Running dot for graph 120/866
Running dot for graph 121/866
Running dot for graph 122/866
Running dot for graph 123/866
Running dot for graph 124/866
Running dot for graph 125/866
Running dot for graph 126/866
Running dot for graph 127/866
Running dot for graph 128/866
Running dot for graph 129/866
Running dot for graph 130/866
Running dot for graph 131/866
Running dot for graph 132/866
Running dot for graph 133/866
Running dot for graph 134/866
Running dot for graph 135/866
Running dot for graph 136/866
Running dot for graph 137/866
Running dot for graph 138/866
Running dot for graph 139/866
Running dot for graph 140/866
Running dot for graph 141/866
Running dot for graph 142/866
Running dot for graph 143/866
Running dot for graph 144/866
Running dot for graph 145/866
Running dot for graph 146/866
Running dot for graph 147/866
Running dot for graph 148/866
Running dot for graph 149/866
Running dot for graph 150/866
Running dot for graph 151/866
Running dot for graph 152/866
Running dot for graph 153/866
Running dot for graph 154/866
Running dot for graph 155/866
Running dot for graph 156/866
Running dot for graph 157/866
Running dot for graph 158/866
Running dot for graph 159/866
Running dot for graph 160/866
Running dot for graph 161/866
Running dot for graph 162/866
Running dot for graph 163/866
Running dot for graph 164/866
Running dot for graph 165/866
Running dot for graph 166/866
Running dot for graph 167/866
Running dot for graph 168/866
Running dot for graph 169/866
Running dot for graph 170/866
Running dot for graph 171/866
Running dot for graph 172/866
Running dot for graph 173/866
Running dot for graph 174/866
Running dot for graph 175/866
Running dot for graph 176/866
Running dot for graph 177/866
Running dot for graph 178/866
Running dot for graph 179/866
Running dot for graph 180/866
Running dot for graph 181/866
Running dot for graph 182/866
Running dot for graph 183/866
Running dot for graph 184/866
Running dot for graph 185/866
Running dot for graph 186/866
Running dot for graph 187/866
Running dot for graph 188/866
Running dot for graph 189/866
Running dot for graph 190/866
Running dot for graph 191/866
Running dot for graph 192/866
Running dot for graph 193/866
Running dot for graph 194/866
Running dot for graph 195/866
Running dot for graph 196/866
Running dot for graph 197/866
Running dot for graph 198/866
Running dot for graph 199/866
Running dot for graph 200/866
Running dot for graph 201/866
Running dot for graph 202/866
Running dot for graph 203/866
Running dot for graph 204/866
Running dot for graph 205/866
Running dot for graph 206/866
Running dot for graph 207/866
Running dot for graph 208/866
Running dot for graph 209/866
Running dot for graph 210/866
Running dot for graph 211/866
Running dot for graph 212/866
Running dot for graph 213/866
Running dot for graph 214/866
Running dot for graph 215/866
Running dot for graph 216/866
Running dot for graph 217/866
Running dot for graph 218/866
Running dot for graph 219/866
Running dot for graph 220/866
Running dot for graph 221/866
Running dot for graph 222/866
Running dot for graph 223/866
Running dot for graph 224/866
Running dot for graph 225/866
Running dot for graph 226/866
Running dot for graph 227/866
Running dot for graph 228/866
Running dot for graph 229/866
Running dot for graph 230/866
Running dot for graph 231/866
Running dot for graph 232/866
Running dot for graph 233/866
Running dot for graph 234/866
Running dot for graph 235/866
Running dot for graph 236/866
Running dot for graph 237/866
Running dot for graph 238/866
Running dot for graph 239/866
Running dot for graph 240/866
Running dot for graph 241/866
Running dot for graph 242/866
Running dot for graph 243/866
Running dot for graph 244/866
Running dot for graph 245/866
Running dot for graph 246/866
Running dot for graph 247/866
Running dot for graph 248/866
Running dot for graph 249/866
Running dot for graph 250/866
Running dot for graph 251/866
Running dot for graph 252/866
Running dot for graph 253/866
Running dot for graph 254/866
Running dot for graph 255/866
Running dot for graph 256/866
Running dot for graph 257/866
Running dot for graph 258/866
Running dot for graph 259/866
Running dot for graph 260/866
Running dot for graph 261/866
Running dot for graph 262/866
Running dot for graph 263/866
Running dot for graph 264/866
Running dot for graph 265/866
Running dot for graph 266/866
Running dot for graph 267/866
Running dot for graph 268/866
Running dot for graph 269/866
Running dot for graph 270/866
Running dot for graph 271/866
Running dot for graph 272/866
Running dot for graph 273/866
Running dot for graph 274/866
Running dot for graph 275/866
Running dot for graph 276/866
Running dot for graph 277/866
Running dot for graph 278/866
Running dot for graph 279/866
Running dot for graph 280/866
Running dot for graph 281/866
Running dot for graph 282/866
Running dot for graph 283/866
Running dot for graph 284/866
Running dot for graph 285/866
Running dot for graph 286/866
Running dot for graph 287/866
Running dot for graph 288/866
Running dot for graph 289/866
Running dot for graph 290/866
Running dot for graph 291/866
Running dot for graph 292/866
Running dot for graph 293/866
Running dot for graph 294/866
Running dot for graph 295/866
Running dot for graph 296/866
Running dot for graph 297/866
Running dot for graph 298/866
Running dot for graph 299/866
Running dot for graph 300/866
Running dot for graph 301/866
Running dot for graph 302/866
Running dot for graph 303/866
Running dot for graph 304/866
Running dot for graph 305/866
Running dot for graph 306/866
Running dot for graph 307/866
Running dot for graph 308/866
Running dot for graph 309/866
Running dot for graph 310/866
Running dot for graph 311/866
Running dot for graph 312/866
Running dot for graph 313/866
Running dot for graph 314/866
Running dot for graph 315/866
Running dot for graph 316/866
Running dot for graph 317/866
Running dot for graph 318/866
Running dot for graph 319/866
Running dot for graph 320/866
Running dot for graph 321/866
Running dot for graph 322/866
Running dot for graph 323/866
Running dot for graph 324/866
Running dot for graph 325/866
Running dot for graph 326/866
Running dot for graph 327/866
Running dot for graph 328/866
Running dot for graph 329/866
Running dot for graph 330/866
Running dot for graph 331/866
Running dot for graph 332/866
Running dot for graph 333/866
Running dot for graph 334/866
Running dot for graph 335/866
Running dot for graph 336/866
Running dot for graph 337/866
Running dot for graph 338/866
Running dot for graph 339/866
Running dot for graph 340/866
Running dot for graph 341/866
Running dot for graph 342/866
Running dot for graph 343/866
Running dot for graph 344/866
Running dot for graph 345/866
Running dot for graph 346/866
Running dot for graph 347/866
Running dot for graph 348/866
Running dot for graph 349/866
Running dot for graph 350/866
Running dot for graph 351/866
Running dot for graph 352/866
Running dot for graph 353/866
Running dot for graph 354/866
Running dot for graph 355/866
Running dot for graph 356/866
Running dot for graph 357/866
Running dot for graph 358/866
Running dot for graph 359/866
Running dot for graph 360/866
Running dot for graph 361/866
Running dot for graph 362/866
Running dot for graph 363/866
Running dot for graph 364/866
Running dot for graph 365/866
Running dot for graph 366/866
Running dot for graph 367/866
Running dot for graph 368/866
Running dot for graph 369/866
Running dot for graph 370/866
Running dot for graph 371/866
Running dot for graph 372/866
Running dot for graph 373/866
Running dot for graph 374/866
Running dot for graph 375/866
Running dot for graph 376/866
Running dot for graph 377/866
Running dot for graph 378/866
Running dot for graph 379/866
Running dot for graph 380/866
Running dot for graph 381/866
Running dot for graph 382/866
Running dot for graph 383/866
Running dot for graph 384/866
Running dot for graph 385/866
Running dot for graph 386/866
Running dot for graph 387/866
Running dot for graph 388/866
Running dot for graph 389/866
Running dot for graph 390/866
Running dot for graph 391/866
Running dot for graph 392/866
Running dot for graph 393/866
Running dot for graph 394/866
Running dot for graph 395/866
Running dot for graph 396/866
Running dot for graph 397/866
Running dot for graph 398/866
Running dot for graph 399/866
Running dot for graph 400/866
Running dot for graph 401/866
Running dot for graph 402/866
Running dot for graph 403/866
Running dot for graph 404/866
Running dot for graph 405/866
Running dot for graph 406/866
Running dot for graph 407/866
Running dot for graph 408/866
Running dot for graph 409/866
Running dot for graph 410/866
Running dot for graph 411/866
Running dot for graph 412/866
Running dot for graph 413/866
Running dot for graph 414/866
Running dot for graph 415/866
Running dot for graph 416/866
Running dot for graph 417/866
Running dot for graph 418/866
Running dot for graph 419/866
Running dot for graph 420/866
Running dot for graph 421/866
Running dot for graph 422/866
Running dot for graph 423/866
Running dot for graph 424/866
Running dot for graph 425/866
Running dot for graph 426/866
Running dot for graph 427/866
Running dot for graph 428/866
Running dot for graph 429/866
Running dot for graph 430/866
Running dot for graph 431/866
Running dot for graph 432/866
Running dot for graph 433/866
Running dot for graph 434/866
Running dot for graph 435/866
Running dot for graph 436/866
Running dot for graph 437/866
Running dot for graph 438/866
Running dot for graph 439/866
Running dot for graph 440/866
Running dot for graph 441/866
Running dot for graph 442/866
Running dot for graph 443/866
Running dot for graph 444/866
Running dot for graph 445/866
Running dot for graph 446/866
Running dot for graph 447/866
Running dot for graph 448/866
Running dot for graph 449/866
Running dot for graph 450/866
Running dot for graph 451/866
Running dot for graph 452/866
Running dot for graph 453/866
Running dot for graph 454/866
Running dot for graph 455/866
Running dot for graph 456/866
Running dot for graph 457/866
Running dot for graph 458/866
Running dot for graph 459/866
Running dot for graph 460/866
Running dot for graph 461/866
Running dot for graph 462/866
Running dot for graph 463/866
Running dot for graph 464/866
Running dot for graph 465/866
Running dot for graph 466/866
Running dot for graph 467/866
Running dot for graph 468/866
Running dot for graph 469/866
Running dot for graph 470/866
Running dot for graph 471/866
Running dot for graph 472/866
Running dot for graph 473/866
Running dot for graph 474/866
Running dot for graph 475/866
Running dot for graph 476/866
Running dot for graph 477/866
Running dot for graph 478/866
Running dot for graph 479/866
Running dot for graph 480/866
Running dot for graph 481/866
Running dot for graph 482/866
Running dot for graph 483/866
Running dot for graph 484/866
Running dot for graph 485/866
Running dot for graph 486/866
Running dot for graph 487/866
Running dot for graph 488/866
Running dot for graph 489/866
Running dot for graph 490/866
Running dot for graph 491/866
Running dot for graph 492/866
Running dot for graph 493/866
Running dot for graph 494/866
Running dot for graph 495/866
Running dot for graph 496/866
Running dot for graph 497/866
Running dot for graph 498/866
Running dot for graph 499/866
Running dot for graph 500/866
Running dot for graph 501/866
Running dot for graph 502/866
Running dot for graph 503/866
Running dot for graph 504/866
Running dot for graph 505/866
Running dot for graph 506/866
Running dot for graph 507/866
Running dot for graph 508/866
Running dot for graph 509/866
Running dot for graph 510/866
Running dot for graph 511/866
Running dot for graph 512/866
Running dot for graph 513/866
Running dot for graph 514/866
Running dot for graph 515/866
Running dot for graph 516/866
Running dot for graph 517/866
Running dot for graph 518/866
Running dot for graph 519/866
Running dot for graph 520/866
Running dot for graph 521/866
Running dot for graph 522/866
Running dot for graph 523/866
Running dot for graph 524/866
Running dot for graph 525/866
Running dot for graph 526/866
Running dot for graph 527/866
Running dot for graph 528/866
Running dot for graph 529/866
Running dot for graph 530/866
Running dot for graph 531/866
Running dot for graph 532/866
Running dot for graph 533/866
Running dot for graph 534/866
Running dot for graph 535/866
Running dot for graph 536/866
Running dot for graph 537/866
Running dot for graph 538/866
Running dot for graph 539/866
Running dot for graph 540/866
Running dot for graph 541/866
Running dot for graph 542/866
Running dot for graph 543/866
Running dot for graph 544/866
Running dot for graph 545/866
Running dot for graph 546/866
Running dot for graph 547/866
Running dot for graph 548/866
Running dot for graph 549/866
Running dot for graph 550/866
Running dot for graph 551/866
Running dot for graph 552/866
Running dot for graph 553/866
Running dot for graph 554/866
Running dot for graph 555/866
Running dot for graph 556/866
Running dot for graph 557/866
Running dot for graph 558/866
Running dot for graph 559/866
Running dot for graph 560/866
Running dot for graph 561/866
Running dot for graph 562/866
Running dot for graph 563/866
Running dot for graph 564/866
Running dot for graph 565/866
Running dot for graph 566/866
Running dot for graph 567/866
Running dot for graph 568/866
Running dot for graph 569/866
Running dot for graph 570/866
Running dot for graph 571/866
Running dot for graph 572/866
Running dot for graph 573/866
Running dot for graph 574/866
Running dot for graph 575/866
Running dot for graph 576/866
Running dot for graph 577/866
Running dot for graph 578/866
Running dot for graph 579/866
Running dot for graph 580/866
Running dot for graph 581/866
Running dot for graph 582/866
Running dot for graph 583/866
Running dot for graph 584/866
Running dot for graph 585/866
Running dot for graph 586/866
Running dot for graph 587/866
Running dot for graph 588/866
Running dot for graph 589/866
Running dot for graph 590/866
Running dot for graph 591/866
Running dot for graph 592/866
Running dot for graph 593/866
Running dot for graph 594/866
Running dot for graph 595/866
Running dot for graph 596/866
Running dot for graph 597/866
Running dot for graph 598/866
Running dot for graph 599/866
Running dot for graph 600/866
Running dot for graph 601/866
Running dot for graph 602/866
Running dot for graph 603/866
Running dot for graph 604/866
Running dot for graph 605/866
Running dot for graph 606/866
Running dot for graph 607/866
Running dot for graph 608/866
Running dot for graph 609/866
Running dot for graph 610/866
Running dot for graph 611/866
Running dot for graph 612/866
Running dot for graph 613/866
Running dot for graph 614/866
Running dot for graph 615/866
Running dot for graph 616/866
Running dot for graph 617/866
Running dot for graph 618/866
Running dot for graph 619/866
Running dot for graph 620/866
Running dot for graph 621/866
Running dot for graph 622/866
Running dot for graph 623/866
Running dot for graph 624/866
Running dot for graph 625/866
Running dot for graph 626/866
Running dot for graph 627/866
Running dot for graph 628/866
Running dot for graph 629/866
Running dot for graph 630/866
Running dot for graph 631/866
Running dot for graph 632/866
Running dot for graph 633/866
Running dot for graph 634/866
Running dot for graph 635/866
Running dot for graph 636/866
Running dot for graph 637/866
Running dot for graph 638/866
Running dot for graph 639/866
Running dot for graph 640/866
Running dot for graph 641/866
Running dot for graph 642/866
Running dot for graph 643/866
Running dot for graph 644/866
Running dot for graph 645/866
Running dot for graph 646/866
Running dot for graph 647/866
Running dot for graph 648/866
Running dot for graph 649/866
Running dot for graph 650/866
Running dot for graph 651/866
Running dot for graph 652/866
Running dot for graph 653/866
Running dot for graph 654/866
Running dot for graph 655/866
Running dot for graph 656/866
Running dot for graph 657/866
Running dot for graph 658/866
Running dot for graph 659/866
Running dot for graph 660/866
Running dot for graph 661/866
Running dot for graph 662/866
Running dot for graph 663/866
Running dot for graph 664/866
Running dot for graph 665/866
Running dot for graph 666/866
Running dot for graph 667/866
Running dot for graph 668/866
Running dot for graph 669/866
Running dot for graph 670/866
Running dot for graph 671/866
Running dot for graph 672/866
Running dot for graph 673/866
Running dot for graph 674/866
Running dot for graph 675/866
Running dot for graph 676/866
Running dot for graph 677/866
Running dot for graph 678/866
Running dot for graph 679/866
Running dot for graph 680/866
Running dot for graph 681/866
Running dot for graph 682/866
Running dot for graph 683/866
Running dot for graph 684/866
Running dot for graph 685/866
Running dot for graph 686/866
Running dot for graph 687/866
Running dot for graph 688/866
Running dot for graph 689/866
Running dot for graph 690/866
Running dot for graph 691/866
Running dot for graph 692/866
Running dot for graph 693/866
Running dot for graph 694/866
Running dot for graph 695/866
Running dot for graph 696/866
Running dot for graph 697/866
Running dot for graph 698/866
Running dot for graph 699/866
Running dot for graph 700/866
Running dot for graph 701/866
Running dot for graph 702/866
Running dot for graph 703/866
Running dot for graph 704/866
Running dot for graph 705/866
Running dot for graph 706/866
Running dot for graph 707/866
Running dot for graph 708/866
Running dot for graph 709/866
Running dot for graph 710/866
Running dot for graph 711/866
Running dot for graph 712/866
Running dot for graph 713/866
Running dot for graph 714/866
Running dot for graph 715/866
Running dot for graph 716/866
Running dot for graph 717/866
Running dot for graph 718/866
Running dot for graph 719/866
Running dot for graph 720/866
Running dot for graph 721/866
Running dot for graph 722/866
Running dot for graph 723/866
Running dot for graph 724/866
Running dot for graph 725/866
Running dot for graph 726/866
Running dot for graph 727/866
Running dot for graph 728/866
Running dot for graph 729/866
Running dot for graph 730/866
Running dot for graph 731/866
Running dot for graph 732/866
Running dot for graph 733/866
Running dot for graph 734/866
Running dot for graph 735/866
Running dot for graph 736/866
Running dot for graph 737/866
Running dot for graph 738/866
Running dot for graph 739/866
Running dot for graph 740/866
Running dot for graph 741/866
Running dot for graph 742/866
Running dot for graph 743/866
Running dot for graph 744/866
Running dot for graph 745/866
Running dot for graph 746/866
Running dot for graph 747/866
Running dot for graph 748/866
Running dot for graph 749/866
Running dot for graph 750/866
Running dot for graph 751/866
Running dot for graph 752/866
Running dot for graph 753/866
Running dot for graph 754/866
Running dot for graph 755/866
Running dot for graph 756/866
Running dot for graph 757/866
Running dot for graph 758/866
Running dot for graph 759/866
Running dot for graph 760/866
Running dot for graph 761/866
Running dot for graph 762/866
Running dot for graph 763/866
Running dot for graph 764/866
Running dot for graph 765/866
Running dot for graph 766/866
Running dot for graph 767/866
Running dot for graph 768/866
Running dot for graph 769/866
Running dot for graph 770/866
Running dot for graph 771/866
Running dot for graph 772/866
Running dot for graph 773/866
Running dot for graph 774/866
Running dot for graph 775/866
Running dot for graph 776/866
Running dot for graph 777/866
Running dot for graph 778/866
Running dot for graph 779/866
Running dot for graph 780/866
Running dot for graph 781/866
Running dot for graph 782/866
Running dot for graph 783/866
Running dot for graph 784/866
Running dot for graph 785/866
Running dot for graph 786/866
Running dot for graph 787/866
Running dot for graph 788/866
Running dot for graph 789/866
Running dot for graph 790/866
Running dot for graph 791/866
Running dot for graph 792/866
Running dot for graph 793/866
Running dot for graph 794/866
Running dot for graph 795/866
Running dot for graph 796/866
Running dot for graph 797/866
Running dot for graph 798/866
Running dot for graph 799/866
Running dot for graph 800/866
Running dot for graph 801/866
Running dot for graph 802/866
Running dot for graph 803/866
Running dot for graph 804/866
Running dot for graph 805/866
Running dot for graph 806/866
Running dot for graph 807/866
Running dot for graph 808/866
Running dot for graph 809/866
Running dot for graph 810/866
Running dot for graph 811/866
Running dot for graph 812/866
Running dot for graph 813/866
Running dot for graph 814/866
Running dot for graph 815/866
Running dot for graph 816/866
Running dot for graph 817/866
Running dot for graph 818/866
Running dot for graph 819/866
Running dot for graph 820/866
Running dot for graph 821/866
Running dot for graph 822/866
Running dot for graph 823/866
Running dot for graph 824/866
Running dot for graph 825/866
Running dot for graph 826/866
Running dot for graph 827/866
Running dot for graph 828/866
Running dot for graph 829/866
Running dot for graph 830/866
Running dot for graph 831/866
Running dot for graph 832/866
Running dot for graph 833/866
Running dot for graph 834/866
Running dot for graph 835/866
Running dot for graph 836/866
Running dot for graph 837/866
Running dot for graph 838/866
Running dot for graph 839/866
Running dot for graph 840/866
Running dot for graph 841/866
Running dot for graph 842/866
Running dot for graph 843/866
Running dot for graph 844/866
Running dot for graph 845/866
Running dot for graph 846/866
Running dot for graph 847/866
Running dot for graph 848/866
Running dot for graph 849/866
Running dot for graph 850/866
Running dot for graph 851/866
Running dot for graph 852/866
Running dot for graph 853/866
Running dot for graph 854/866
Running dot for graph 855/866
Running dot for graph 856/866
Running dot for graph 857/866
Running dot for graph 858/866
Running dot for graph 859/866
Running dot for graph 860/866
Running dot for graph 861/866
Running dot for graph 862/866
Running dot for graph 863/866
Running dot for graph 864/866
Running dot for graph 865/866
Running dot for graph 866/866
Patching output file 1/279
Patching output file 2/279
Patching output file 3/279
Patching output file 4/279
Patching output file 5/279
Patching output file 6/279
Patching output file 7/279
Patching output file 8/279
Patching output file 9/279
Patching output file 10/279
Patching output file 11/279
Patching output file 12/279
Patching output file 13/279
Patching output file 14/279
Patching output file 15/279
Patching output file 16/279
Patching output file 17/279
Patching output file 18/279
Patching output file 19/279
Patching output file 20/279
Patching output file 21/279
Patching output file 22/279
Patching output file 23/279
Patching output file 24/279
Patching output file 25/279
Patching output file 26/279
Patching output file 27/279
Patching output file 28/279
Patching output file 29/279
Patching output file 30/279
Patching output file 31/279
Patching output file 32/279
Patching output file 33/279
Patching output file 34/279
Patching output file 35/279
Patching output file 36/279
Patching output file 37/279
Patching output file 38/279
Patching output file 39/279
Patching output file 40/279
Patching output file 41/279
Patching output file 42/279
Patching output file 43/279
Patching output file 44/279
Patching output file 45/279
Patching output file 46/279
Patching output file 47/279
Patching output file 48/279
Patching output file 49/279
Patching output file 50/279
Patching output file 51/279
Patching output file 52/279
Patching output file 53/279
Patching output file 54/279
Patching output file 55/279
Patching output file 56/279
Patching output file 57/279
Patching output file 58/279
Patching output file 59/279
Patching output file 60/279
Patching output file 61/279
Patching output file 62/279
Patching output file 63/279
Patching output file 64/279
Patching output file 65/279
Patching output file 66/279
Patching output file 67/279
Patching output file 68/279
Patching output file 69/279
Patching output file 70/279
Patching output file 71/279
Patching output file 72/279
Patching output file 73/279
Patching output file 74/279
Patching output file 75/279
Patching output file 76/279
Patching output file 77/279
Patching output file 78/279
Patching output file 79/279
Patching output file 80/279
Patching output file 81/279
Patching output file 82/279
Patching output file 83/279
Patching output file 84/279
Patching output file 85/279
Patching output file 86/279
Patching output file 87/279
Patching output file 88/279
Patching output file 89/279
Patching output file 90/279
Patching output file 91/279
Patching output file 92/279
Patching output file 93/279
Patching output file 94/279
Patching output file 95/279
Patching output file 96/279
Patching output file 97/279
Patching output file 98/279
Patching output file 99/279
Patching output file 100/279
Patching output file 101/279
Patching output file 102/279
Patching output file 103/279
Patching output file 104/279
Patching output file 105/279
Patching output file 106/279
Patching output file 107/279
Patching output file 108/279
Patching output file 109/279
Patching output file 110/279
Patching output file 111/279
Patching output file 112/279
Patching output file 113/279
Patching output file 114/279
Patching output file 115/279
Patching output file 116/279
Patching output file 117/279
Patching output file 118/279
Patching output file 119/279
Patching output file 120/279
Patching output file 121/279
Patching output file 122/279
Patching output file 123/279
Patching output file 124/279
Patching output file 125/279
Patching output file 126/279
Patching output file 127/279
Patching output file 128/279
Patching output file 129/279
Patching output file 130/279
Patching output file 131/279
Patching output file 132/279
Patching output file 133/279
Patching output file 134/279
Patching output file 135/279
Patching output file 136/279
Patching output file 137/279
Patching output file 138/279
Patching output file 139/279
Patching output file 140/279
Patching output file 141/279
Patching output file 142/279
Patching output file 143/279
Patching output file 144/279
Patching output file 145/279
Patching output file 146/279
Patching output file 147/279
Patching output file 148/279
Patching output file 149/279
Patching output file 150/279
Patching output file 151/279
Patching output file 152/279
Patching output file 153/279
Patching output file 154/279
Patching output file 155/279
Patching output file 156/279
Patching output file 157/279
Patching output file 158/279
Patching output file 159/279
Patching output file 160/279
Patching output file 161/279
Patching output file 162/279
Patching output file 163/279
Patching output file 164/279
Patching output file 165/279
Patching output file 166/279
Patching output file 167/279
Patching output file 168/279
Patching output file 169/279
Patching output file 170/279
Patching output file 171/279
Patching output file 172/279
Patching output file 173/279
Patching output file 174/279
Patching output file 175/279
Patching output file 176/279
Patching output file 177/279
Patching output file 178/279
Patching output file 179/279
Patching output file 180/279
Patching output file 181/279
Patching output file 182/279
Patching output file 183/279
Patching output file 184/279
Patching output file 185/279
Patching output file 186/279
Patching output file 187/279
Patching output file 188/279
Patching output file 189/279
Patching output file 190/279
Patching output file 191/279
Patching output file 192/279
Patching output file 193/279
Patching output file 194/279
Patching output file 195/279
Patching output file 196/279
Patching output file 197/279
Patching output file 198/279
Patching output file 199/279
Patching output file 200/279
Patching output file 201/279
Patching output file 202/279
Patching output file 203/279
Patching output file 204/279
Patching output file 205/279
Patching output file 206/279
Patching output file 207/279
Patching output file 208/279
Patching output file 209/279
Patching output file 210/279
Patching output file 211/279
Patching output file 212/279
Patching output file 213/279
Patching output file 214/279
Patching output file 215/279
Patching output file 216/279
Patching output file 217/279
Patching output file 218/279
Patching output file 219/279
Patching output file 220/279
Patching output file 221/279
Patching output file 222/279
Patching output file 223/279
Patching output file 224/279
Patching output file 225/279
Patching output file 226/279
Patching output file 227/279
Patching output file 228/279
Patching output file 229/279
Patching output file 230/279
Patching output file 231/279
Patching output file 232/279
Patching output file 233/279
Patching output file 234/279
Patching output file 235/279
Patching output file 236/279
Patching output file 237/279
Patching output file 238/279
Patching output file 239/279
Patching output file 240/279
Patching output file 241/279
Patching output file 242/279
Patching output file 243/279
Patching output file 244/279
Patching output file 245/279
Patching output file 246/279
Patching output file 247/279
Patching output file 248/279
Patching output file 249/279
Patching output file 250/279
Patching output file 251/279
Patching output file 252/279
Patching output file 253/279
Patching output file 254/279
Patching output file 255/279
Patching output file 256/279
Patching output file 257/279
Patching output file 258/279
Patching output file 259/279
Patching output file 260/279
Patching output file 261/279
Patching output file 262/279
Patching output file 263/279
Patching output file 264/279
Patching output file 265/279
Patching output file 266/279
Patching output file 267/279
Patching output file 268/279
Patching output file 269/279
Patching output file 270/279
Patching output file 271/279
Patching output file 272/279
Patching output file 273/279
Patching output file 274/279
Patching output file 275/279
Patching output file 276/279
Patching output file 277/279
Patching output file 278/279
Patching output file 279/279
type lookup cache used 6132/65536 hits=47788 misses=6422
symbol lookup cache used 4368/65536 hits=31587 misses=4368
finished...
